This is pdfTeX, Version 3.1415926-2.3-1.40.12 (MiKTeX 2.9) (preloaded format=pdflatex 2021.11.29)  7 JUN 2022 16:39
entering extended mode
**E:/ËÆ∫Êñá/ÊØï‰∏öËÆ∫Êñá/ÊØï‰∏öËÆ∫Êñá‰ΩïËãóÊÉ†5.25Âêé/ÊØï‰∏öËÆ∫Êñá.tex
(E:/ËÆ∫Êñá/ÊØï‰∏öËÆ∫Êñá/ÊØï‰∏öËÆ∫Êñá‰ΩïËãóÊÉ†5.25Âêé/ÊØï‰∏öËÆ∫Êñá.tex
LaTeX2e <2011/06/27>
Babel <v3.8m> and hyphenation patterns for loaded.
(D:\CTEX\CTeX\tex\latex\cct\cctbook.cls
Document Class: cctbook 2005/04/12 Derived from the `book' class
(D:\CTEX\MiKTeX\tex\latex\base\book.cls
Document Class: book 2007/10/19 v1.4h Standard LaTeX document class
(D:\CTEX\MiKTeX\tex\latex\base\bk10.clo
File: bk10.clo 2007/10/19 v1.4h Standard LaTeX file (size option)
)
\c@part=\count79
\c@chapter=\count80
\c@section=\count81
\c@subsection=\count82
\c@subsubsection=\count83
\c@paragraph=\count84
\c@subparagraph=\count85
\c@figure=\count86
\c@table=\count87
\abovecaptionskip=\skip41
\belowcaptionskip=\skip42
\bibindent=\dimen102
)
(D:\CTEX\CTeX\tex\latex\cct\cctbase.sty
Package: cctbase 2006/05/17
 (D:\CTEX\CTeX\tex\latex\cct\CCT.sty
0.61803 [2009/11/20] (D:\CTEX\CTeX\tex\latex\cct\cchead.sty
\!ZihaoNo=\count88
\ccwd=\dimen103
\ccht=\dimen104
\ccdp=\dimen105
\!ccbox=\box26
\!ccbdskip=\skip43
)
Package: CCT 2009/11/20 0.61803
\@CCTcnta=\count89
\@CCTcntb=\count90
\@CCTlastkern=\count91
\@CCTglue=\skip44
\@CCTtoks=\toks14

(D:\CTEX\CTeX\tex\latex\cct\CCT.cfg) (D:\CTEX\CTeX\tex\latex\cct\GBKkern.cfg)
(D:\CTEX\CTeX\tex\latex\CJK\GB\c19song.fd) (\ziti{A}->gbksong)
\@CCTskip=\skip45
)))
(D:\CTEX\CTeX\tex\latex\ccmap\ccmap.sty
Package: ccmap 2006/11/18

(D:\CTEX\MiKTeX\tex\generic\oberdiek\ifpdf.sty
Package: ifpdf 2011/01/30 v2.3 Provides the ifpdf switch (HO)
Package ifpdf Info: pdfTeX in PDF mode is detected.
)
\CCT@hooka@@=\toks15
)
(D:\CTEX\MiKTeX\tex\latex\graphics\graphicx.sty
Package: graphicx 1999/02/16 v1.0f Enhanced LaTeX Graphics (DPC,SPQR)

(D:\CTEX\MiKTeX\tex\latex\graphics\keyval.sty
Package: keyval 1999/03/16 v1.13 key=value parser (DPC)
\KV@toks@=\toks16
)
(D:\CTEX\MiKTeX\tex\latex\graphics\graphics.sty
Package: graphics 2009/02/05 v1.0o Standard LaTeX Graphics (DPC,SPQR)

(D:\CTEX\MiKTeX\tex\latex\graphics\trig.sty
Package: trig 1999/03/16 v1.09 sin cos tan (DPC)
)
(D:\CTEX\MiKTeX\tex\latex\00miktex\graphics.cfg
File: graphics.cfg 2007/01/18 v1.5 graphics configuration of teTeX/TeXLive
)
Package graphics Info: Driver file: pdftex.def on input line 91.

(D:\CTEX\MiKTeX\tex\latex\pdftex-def\pdftex.def
File: pdftex.def 2011/05/27 v0.06d Graphics/color for pdfTeX

(D:\CTEX\MiKTeX\tex\generic\oberdiek\infwarerr.sty
Package: infwarerr 2010/04/08 v1.3 Providing info/warning/message (HO)
)
(D:\CTEX\MiKTeX\tex\generic\oberdiek\ltxcmds.sty
Package: ltxcmds 2011/04/18 v1.20 LaTeX kernel commands for general use (HO)
)
\Gread@gobject=\count92
))
\Gin@req@height=\dimen106
\Gin@req@width=\dimen107
)
(D:\CTEX\MiKTeX\tex\latex\oberdiek\epstopdf.sty
Package: epstopdf 2010/02/09 v2.5 Conversion with epstopdf on the fly (HO)

(D:\CTEX\MiKTeX\tex\latex\oberdiek\epstopdf-base.sty
Package: epstopdf-base 2010/02/09 v2.5 Base part for package epstopdf

(D:\CTEX\MiKTeX\tex\latex\oberdiek\grfext.sty
Package: grfext 2010/08/19 v1.1 Managing graphics extensions (HO)

(D:\CTEX\MiKTeX\tex\generic\oberdiek\kvdefinekeys.sty
Package: kvdefinekeys 2011/04/07 v1.3 Defining keys (HO)
))
(D:\CTEX\MiKTeX\tex\latex\oberdiek\kvoptions.sty
Package: kvoptions 2010/12/23 v3.10 Keyval support for LaTeX options (HO)

(D:\CTEX\MiKTeX\tex\generic\oberdiek\kvsetkeys.sty
Package: kvsetkeys 2011/04/07 v1.13 Key value parser (HO)

(D:\CTEX\MiKTeX\tex\generic\oberdiek\etexcmds.sty
Package: etexcmds 2011/02/16 v1.5 Prefix for e-TeX command names (HO)

(D:\CTEX\MiKTeX\tex\generic\oberdiek\ifluatex.sty
Package: ifluatex 2010/03/01 v1.3 Provides the ifluatex switch (HO)
Package ifluatex Info: LuaTeX not detected.
)
Package etexcmds Info: Could not find \expanded.
(etexcmds)             That can mean that you are not using pdfTeX 1.50 or
(etexcmds)             that some package has redefined \expanded.
(etexcmds)             In the latter case, load this package earlier.
)))
(D:\CTEX\MiKTeX\tex\generic\oberdiek\pdftexcmds.sty
Package: pdftexcmds 2011/04/22 v0.16 Utilities of pdfTeX for LuaTeX (HO)
Package pdftexcmds Info: LuaTeX not detected.
Package pdftexcmds Info: \pdf@primitive is available.
Package pdftexcmds Info: \pdf@ifprimitive is available.
Package pdftexcmds Info: \pdfdraftmode found.
)
Package grfext Info: Graphics extension search list:
(grfext)             [.png,.pdf,.jpg,.mps,.jpeg,.jbig2,.jb2,.PNG,.PDF,.JPG,.JPE
G,.JBIG2,.JB2,.eps]
(grfext)             \AppendGraphicsExtensions on input line 452.
))
(D:\CTEX\MiKTeX\tex\latex\float\float.sty
Package: float 2001/11/08 v1.3d Float enhancements (AL)
\c@float@type=\count93
\float@exts=\toks17
\float@box=\box27
\@float@everytoks=\toks18
\@floatcapt=\box28
)
(D:\CTEX\MiKTeX\tex\latex\titlesec\titlesec.sty
Package: titlesec 2011/12/15 v2.10.0 Sectioning titles
\ttl@box=\box29
\beforetitleunit=\skip46
\aftertitleunit=\skip47
\ttl@plus=\dimen108
\ttl@minus=\dimen109
\ttl@toksa=\toks19
\titlewidth=\dimen110
\titlewidthlast=\dimen111
\titlewidthfirst=\dimen112
)
(E:\ËÆ∫Êñá\ÊØï‰∏öËÆ∫Êñá\ÊØï‰∏öËÆ∫Êñá‰ΩïËãóÊÉ†5.25Âêé\cctspace.sty

LaTeX Warning: You have requested package `cctspace',
               but the package provides `CCTspace'.

Package: CCTspace 2008/06/28 1.0.4
) (D:\CTEX\MiKTeX\tex\latex\cite\cite.sty
LaTeX Info: Redefining \cite on input line 302.
LaTeX Info: Redefining \nocite on input line 373.
Package: cite 2010/09/10  v 5.3
)
(D:\CTEX\MiKTeX\tex\latex\tools\enumerate.sty
Package: enumerate 1999/03/05 v3.00 enumerate extensions (DPC)
\@enLab=\toks20
)
(D:\CTEX\MiKTeX\tex\latex\tools\array.sty
Package: array 2008/09/09 v2.4c Tabular extension package (FMi)
\col@sep=\dimen113
\extrarowheight=\dimen114
\NC@list=\toks21
\extratabsurround=\skip48
\backup@length=\skip49
)
(D:\CTEX\MiKTeX\tex\latex\changepage\chngpage.sty
Package: chngpage 2009/10/20 v1.2b change page layout
\c@cp@cnt=\count94
\c@cp@tempcnt=\count95
)
(D:\CTEX\MiKTeX\tex\latex\rotating\rotating.sty
Package: rotating 2009/03/28 v2.16a rotated objects in LaTeX

(D:\CTEX\MiKTeX\tex\latex\base\ifthen.sty
Package: ifthen 2001/05/26 v1.1c Standard LaTeX ifthen package (DPC)
)
\c@r@tfl@t=\count96
\rotFPtop=\skip50
\rotFPbot=\skip51
\rot@float@box=\box30
\rot@mess@toks=\toks22
)
(D:\CTEX\MiKTeX\tex\latex\graphics\color.sty
Package: color 2005/11/14 v1.0j Standard LaTeX Color (DPC)

(D:\CTEX\MiKTeX\tex\latex\00miktex\color.cfg
File: color.cfg 2007/01/18 v1.5 color configuration of teTeX/TeXLive
)
Package color Info: Driver file: pdftex.def on input line 130.
)
(D:\CTEX\MiKTeX\tex\latex\caption\caption.sty
Package: caption 2011/11/10 v3.2e Customizing captions (AR)

(D:\CTEX\MiKTeX\tex\latex\caption\caption3.sty
Package: caption3 2011/11/01 v1.4a caption3 kernel (AR)
\captionmargin=\dimen115
\captionmargin@=\dimen116
\captionwidth=\dimen117
\caption@indent=\dimen118
\caption@parindent=\dimen119
\caption@hangindent=\dimen120
Package caption Info: Unknown document class (or package),
(caption)             standard defaults will be used.
)

Package caption Warning: Unsupported document class (or package) detected,
(caption)                usage of the caption package is not recommended.
See the caption package documentation for explanation.

Package caption Info: \@makecaption = \long macro:#1#2->\vskip \abovecaptionski
p \sbox \@tempboxa {#1~~#2}\ifdim \wd \@tempboxa >\hsize #1~~#2\par \else \glob
al \@minipagefalse \hb@xt@ \hsize {\hfil \box \@tempboxa \hfil }\fi \vskip \bel
owcaptionskip .
\c@ContinuedFloat=\count97
Package caption Info: float package is loaded.
Package caption Info: rotating package is loaded.
) (D:\CTEX\MiKTeX\tex\latex\algorithms\algorithm.sty
Package: algorithm 2009/08/24 v0.1 Document Style `algorithm' - floating enviro
nment
\@float@every@algorithm=\toks23
\c@algorithm=\count98
)
(D:\CTEX\MiKTeX\tex\latex\algorithms\algorithmic.sty
Package: algorithmic 2009/08/24 v0.1 Document Style `algorithmic'
\c@ALC@unique=\count99
\c@ALC@line=\count100
\c@ALC@rem=\count101
\c@ALC@depth=\count102
\ALC@tlm=\skip52
\algorithmicindent=\skip53
)
(D:\CTEX\MiKTeX\tex\latex\ltxmisc\url.sty
\Urlmuskip=\muskip10
Package: url 2006/04/12  ver 3.3  Verb mode for urls, etc.
)
(D:\CTEX\MiKTeX\tex\latex\geometry\geometry.sty
Package: geometry 2010/09/12 v5.6 Page Geometry

(D:\CTEX\MiKTeX\tex\generic\oberdiek\ifvtex.sty
Package: ifvtex 2010/03/01 v1.5 Switches for detecting VTeX and its modes (HO)
Package ifvtex Info: VTeX not detected.
)
(D:\CTEX\MiKTeX\tex\generic\ifxetex\ifxetex.sty
Package: ifxetex 2010/09/12 v0.6 Provides ifxetex conditional
)
\Gm@cnth=\count103
\Gm@cntv=\count104
\c@Gm@tempcnt=\count105
\Gm@bindingoffset=\dimen121
\Gm@wd@mp=\dimen122
\Gm@odd@mp=\dimen123
\Gm@even@mp=\dimen124
\Gm@layoutwidth=\dimen125
\Gm@layoutheight=\dimen126
\Gm@layouthoffset=\dimen127
\Gm@layoutvoffset=\dimen128
\Gm@dimlist=\toks24

(D:\CTEX\MiKTeX\tex\latex\geometry\geometry.cfg))
(D:\CTEX\MiKTeX\tex\latex\fancyhdr\fancyhdr.sty
\fancy@headwidth=\skip54
\f@ncyO@elh=\skip55
\f@ncyO@erh=\skip56
\f@ncyO@olh=\skip57
\f@ncyO@orh=\skip58
\f@ncyO@elf=\skip59
\f@ncyO@erf=\skip60
\f@ncyO@olf=\skip61
\f@ncyO@orf=\skip62
)
(D:\CTEX\MiKTeX\tex\latex\ams\classes\amsthm.sty
Package: amsthm 2004/08/06 v2.20
\thm@style=\toks25
\thm@bodyfont=\toks26
\thm@headfont=\toks27
\thm@notefont=\toks28
\thm@headpunct=\toks29
\thm@preskip=\skip63
\thm@postskip=\skip64
\thm@headsep=\skip65
\dth@everypar=\toks30
)
(D:\CTEX\MiKTeX\tex\latex\ams\math\amsmath.sty
Package: amsmath 2000/07/18 v2.13 AMS math features
\@mathmargin=\skip66

For additional information on amsmath, use the `?' option.
(D:\CTEX\MiKTeX\tex\latex\ams\math\amstext.sty
Package: amstext 2000/06/29 v2.01

(D:\CTEX\MiKTeX\tex\latex\ams\math\amsgen.sty
File: amsgen.sty 1999/11/30 v2.0
\@emptytoks=\toks31
\ex@=\dimen129
))
(D:\CTEX\MiKTeX\tex\latex\ams\math\amsbsy.sty
Package: amsbsy 1999/11/29 v1.2d
\pmbraise@=\dimen130
)
(D:\CTEX\MiKTeX\tex\latex\ams\math\amsopn.sty
Package: amsopn 1999/12/14 v2.01 operator names
)
\inf@bad=\count106
LaTeX Info: Redefining \frac on input line 211.
\uproot@=\count107
\leftroot@=\count108
LaTeX Info: Redefining \overline on input line 307.
\classnum@=\count109
\DOTSCASE@=\count110
LaTeX Info: Redefining \ldots on input line 379.
LaTeX Info: Redefining \dots on input line 382.
LaTeX Info: Redefining \cdots on input line 467.
\Mathstrutbox@=\box31
\strutbox@=\box32
\big@size=\dimen131
LaTeX Font Info:    Redeclaring font encoding OML on input line 567.
LaTeX Font Info:    Redeclaring font encoding OMS on input line 568.
\macc@depth=\count111
\c@MaxMatrixCols=\count112
\dotsspace@=\muskip11
\c@parentequation=\count113
\dspbrk@lvl=\count114
\tag@help=\toks32
\row@=\count115
\column@=\count116
\maxfields@=\count117
\andhelp@=\toks33
\eqnshift@=\dimen132
\alignsep@=\dimen133
\tagshift@=\dimen134
\tagwidth@=\dimen135
\totwidth@=\dimen136
\lineht@=\dimen137
\@envbody=\toks34
\multlinegap=\skip67
\multlinetaggap=\skip68
\mathdisplay@stack=\toks35
LaTeX Info: Redefining \[ on input line 2666.
LaTeX Info: Redefining \] on input line 2667.
)
(D:\CTEX\MiKTeX\tex\latex\amsfonts\amssymb.sty
Package: amssymb 2009/06/22 v3.00

(D:\CTEX\MiKTeX\tex\latex\amsfonts\amsfonts.sty
Package: amsfonts 2009/06/22 v3.00 Basic AMSFonts support
\symAMSa=\mathgroup4
\symAMSb=\mathgroup5
LaTeX Font Info:    Overwriting math alphabet `\mathfrak' in version `bold'
(Font)                  U/euf/m/n --> U/euf/b/n on input line 96.
))
\c@rom=\count118
\c@theorem=\count119
\c@inference=\count120
\c@defini=\count121

(D:\CTEX\MiKTeX\tex\generic\zhmetrics\zhwinfonts.tex
(D:\CTEX\MiKTeX\tex\generic\oberdiek\ifpdf.sty
Package ifpdf Info: The package is already loaded, stopped on input line 64.
){D:/CTEX/UserData/pdftex/config/pdftex.map{Unicode.sfd}{UGBK.sfd}})

LaTeX Warning: Unused global option(s):
    [12.15pt].

(E:\ËÆ∫Êñá\ÊØï‰∏öËÆ∫Êñá\ÊØï‰∏öËÆ∫Êñá‰ΩïËãóÊÉ†5.25Âêé\ÊØï‰∏öËÆ∫Êñá.aux

LaTeX Warning: Label `TransD' multiply defined.


LaTeX Warning: Label `TransD' multiply defined.


LaTeX Warning: Label `TransD' multiply defined.


LaTeX Warning: Label `TransD' multiply defined.


LaTeX Warning: Label `TransD' multiply defined.


LaTeX Warning: Label `TransD' multiply defined.


LaTeX Warning: Label `alg:DEM' multiply defined.


LaTeX Warning: Label `EM-KGE-obj' multiply defined.


LaTeX Warning: Label `alg:DEM' multiply defined.


LaTeX Warning: Label `alg:DEM' multiply defined.


LaTeX Warning: Label `Pra' multiply defined.


LaTeX Warning: Label `Pra' multiply defined.


LaTeX Warning: Label `Pra' multiply defined.

)
LaTeX Font Info:    Checking defaults for OML/cmm/m/it on input line 139.
LaTeX Font Info:    ... okay on input line 139.
LaTeX Font Info:    Checking defaults for T1/cmr/m/n on input line 139.
LaTeX Font Info:    ... okay on input line 139.
LaTeX Font Info:    Checking defaults for OT1/cmr/m/n on input line 139.
LaTeX Font Info:    ... okay on input line 139.
LaTeX Font Info:    Checking defaults for OMS/cmsy/m/n on input line 139.
LaTeX Font Info:    ... okay on input line 139.
LaTeX Font Info:    Checking defaults for OMX/cmex/m/n on input line 139.
LaTeX Font Info:    ... okay on input line 139.
LaTeX Font Info:    Checking defaults for U/cmr/m/n on input line 139.
LaTeX Font Info:    ... okay on input line 139.
 (D:\CTEX\MiKTeX\tex\context\base\supp-pdf.mkii
[Loading MPS to PDF converter (version 2006.09.02).]
\scratchcounter=\count122
\scratchdimen=\dimen138
\scratchbox=\box33
\nofMPsegments=\count123
\nofMParguments=\count124
\everyMPshowfont=\toks36
\MPscratchCnt=\count125
\MPscratchDim=\dimen139
\MPnumerator=\count126
\makeMPintoPDFobject=\count127
\everyMPtoPDFconversion=\toks37
)
Package caption Info: Begin \AtBeginDocument code.
Package caption Info: End \AtBeginDocument code.

*geometry* driver: auto-detecting
*geometry* detected driver: pdftex
*geometry* verbose mode - [ preamble ] result:
* driver: pdftex
* paper: a4paper
* layout: <same size as paper>
* layoutoffset:(h,v)=(0.0pt,0.0pt)
* modes: 
* h-part:(L,W,R)=(89.62709pt, 418.25368pt, 89.6271pt)
* v-part:(T,H,B)=(101.40665pt, 591.5302pt, 152.11pt)
* \paperwidth=597.50787pt
* \paperheight=845.04684pt
* \textwidth=455.24408pt
* \textheight=739.77165pt
* \oddsidemargin=23.0pt
* \evensidemargin=23.0pt
* \topmargin=-25.0pt
* \headheight=12.0pt
* \headsep=-28.45274pt
* \topskip=10.0pt
* \footskip=22.76228pt
* \marginparwidth=61.0pt
* \marginparsep=7.0pt
* \columnsep=10.0pt
* \skip\footins=9.0pt plus 4.0pt minus 2.0pt
* \hoffset=0.0pt
* \voffset=0.0pt
* \mag=1000
* \@twocolumnfalse
* \@twosidefalse
* \@mparswitchfalse
* \@reversemarginfalse
* (1in=72.27pt=25.4mm, 1cm=28.453pt)

(D:\CTEX\CTeX\tex\latex\CJK\GB\c19hei.fd) (\ziti{B}->gbkhei)

LaTeX Font Warning: Font shape `OT1/cmr/m/n' in size <18> not available
(Font)              size <17.28> substituted on input line 156.

<<ot1.cmap>><<c1964.cmap>><<c1953.cmap>><<c1955.cmap>><<c1941.cmap>><<c1939.cma
p>><<c1960.cmap>><<c1956.cmap>><<c1958.cmap>><<c1949.cmap>><<c1957.cmap>><<c194
2.cmap>><<c1938.cmap>><<c1946.cmap>><<c1952.cmap>><<c1937.cmap>><<c1954.cmap>><
<c1951.cmap>><<c1940.cmap>><<oml.cmap>><<oms.cmap>><<omx.cmap>>
LaTeX Font Info:    Try loading font information for U+msa on input line 172.

(D:\CTEX\MiKTeX\tex\latex\amsfonts\umsa.fd
File: umsa.fd 2009/06/22 v3.00 AMS symbols A
)

LaTeX Warning: File u.cmap not found on input line 172.

LaTeX Font Info:    Try loading font information for U+msb on input line 172.
(D:\CTEX\MiKTeX\tex\latex\amsfonts\umsb.fd
File: umsb.fd 2009/06/22 v3.00 AMS symbols B
)

LaTeX Font Warning: Font shape `OT1/cmr/m/n' in size <15.75> not available
(Font)              size <14.4> substituted on input line 174.

Loading punctuation table gbkhei.tbl<<c1926.cmap>><<c1943.cmap>><<c1950.cmap>><
<c1944.cmap>><<c1948.cmap>><<c1962.cmap>><<c1947.cmap>><<c1965.cmap>><<c1961.cm
ap>><<c1963.cmap>><<c1931.cmap>> [1


] Loading punctuation table gbksong.tbl
[0]

LaTeX Font Warning: Font shape `OT1/cmr/bx/n' in size <15.75> not available
(Font)              size <14.4> substituted on input line 226.

<<c1959.cmap>><<c1945.cmap>><<c1925.cmap>><<c1936.cmap>> [1] [2] [3]

LaTeX Font Warning: Font shape `OT1/cmr/m/n' in size <10.5> not available
(Font)              size <10.95> substituted on input line 308.


Package Fancyhdr Warning: \headheight is too small (12.0pt): 
 Make it at least 12.21002pt.
 We now make it that large for the rest of the document.
 This may cause the page layout to be inconsistent, however.

[4] [5]
Chapter 1.

LaTeX Font Warning: Font shape `OT1/cmr/m/n' in size <15> not available
(Font)              size <14.4> substituted on input line 345.


LaTeX Font Warning: Font shape `OT1/cmr/bx/n' in size <15> not available
(Font)              size <14.4> substituted on input line 345.

<billgates.png, id=128, 1313.90875pt x 888.31876pt>
File: billgates.png Graphic file (type png)
 <use billgates.png>
Package pdftex.def Info: billgates.png used on input line 356.
(pdftex.def)             Requested size: 409.71689pt x 277.00252pt.


LaTeX Font Warning: Font shape `OT1/cmr/bx/n' in size <10.5> not available
(Font)              size <10.95> substituted on input line 357.

[1

 <E:/ËÆ∫Êñá/ÊØï‰∏öËÆ∫Êñá/ÊØï‰∏öËÆ∫Êñá‰ΩïËãóÊÉ†5.25Âêé/billgates.png (PNG copy)>
] <billgates_wife.png, id=135, 977.90344pt x 511.15968pt>
File: billgates_wife.png Graphic file (type png)

<use billgates_wife.png>
Package pdftex.def Info: billgates_wife.png used on input line 365.
(pdftex.def)             Requested size: 455.24408pt x 237.95978pt.


CCT Warning: line 369, GBK punct £® in math mode converted to \char40


CCT Warning: line 369, GBK punct £© in math mode converted to \char41

<KG.jpg, id=137, 398.48875pt x 202.7575pt>
File: KG.jpg Graphic file (type jpg)
 <use KG.jpg>
Package pdftex.def Info: KG.jpg used on input line 374.
(pdftex.def)             Requested size: 409.71689pt x 208.47748pt.
 [2 <E:/ËÆ∫Êñá/ÊØï‰∏öËÆ∫Êñá/ÊØï‰∏öËÆ∫Êñá‰ΩïËãóÊÉ†5.25Âêé/billgates_wife.png>]
<KGC.jpg, id=143, 407.02063pt x 221.82875pt>
File: KGC.jpg Graphic file (type jpg)
 <use KGC.jpg>
Package pdftex.def Info: KGC.jpg used on input line 383.
(pdftex.def)             Requested size: 409.71689pt x 223.30734pt.
 [3 <E:/ËÆ∫Êñá/ÊØï‰∏öËÆ∫Êñá/ÊØï‰∏öËÆ∫Êñá‰ΩïËãóÊÉ†5.25Âêé/KG.jpg>]
Missing character: There is no à in font gbksong26!
Missing character: There is no Ö in font gbksong26!
 [4 <E:/ËÆ∫Êñá/ÊØï‰∏öËÆ∫Êñá/ÊØï‰∏öËÆ∫Êñá‰ΩïËãóÊÉ†5.25Âêé/KGC.jpg>]
LaTeX Font Info:    Try loading font information for OMS+cmr on input line 406.

 (D:\CTEX\MiKTeX\tex\latex\base\omscmr.fd
File: omscmr.fd 1999/05/25 v2.5h Standard LaTeX font definitions
)
LaTeX Font Info:    Font shape `OMS/cmr/m/n' in size <12> not available
(Font)              Font shape `OMS/cmsy/m/n' tried instead on input line 406.

[5] [6]
Chapter 2.
<TransE.jpg, id=161, 245.91875pt x 147.55125pt>
File: TransE.jpg Graphic file (type jpg)
 <use TransE.jpg>
Package pdftex.def Info: TransE.jpg used on input line 454.
(pdftex.def)             Requested size: 227.62204pt x 136.57956pt.


Package Fancyhdr Warning: \headheight is too small (12.21002pt): 
 Make it at least 12.25203pt.
 We now make it that large for the rest of the document.
 This may cause the page layout to be inconsistent, however.

[7

 <E:/ËÆ∫Êñá/ÊØï‰∏öËÆ∫Êñá/ÊØï‰∏öËÆ∫Êñá‰ΩïËãóÊÉ†5.25Âêé/TransE.jpg>]
<TransH.jpg, id=168, 295.60437pt x 166.6225pt>
File: TransH.jpg Graphic file (type jpg)
 <use TransH.jpg>
Package pdftex.def Info: TransH.jpg used on input line 466.
(pdftex.def)             Requested size: 318.66946pt x 179.62926pt.

<TransR.jpg, id=169, 429.605pt x 186.19562pt>
File: TransR.jpg Graphic file (type jpg)
 <use TransR.jpg>
Package pdftex.def Info: TransR.jpg used on input line 485.
(pdftex.def)             Requested size: 364.19664pt x 157.84937pt.
 [8 <E:/ËÆ∫Êñá/ÊØï‰∏öËÆ∫Êñá/ÊØï‰∏öËÆ∫Êñá‰ΩïËãóÊÉ†5.25Âêé/TransH.jpg>]
<TransD.jpg, id=175, 427.09563pt x 183.68625pt>
File: TransD.jpg Graphic file (type jpg)
 <use TransD.jpg>
Package pdftex.def Info: TransD.jpg used on input line 514.
(pdftex.def)             Requested size: 364.19664pt x 156.63292pt.
 [9 <E:/ËÆ∫Êñá/ÊØï‰∏öËÆ∫Êñá/ÊØï‰∏öËÆ∫Êñá‰ΩïËãóÊÉ†5.25Âêé/TransR.jpg>]
<RESCAL.jpg, id=180, 300.62312pt x 180.17313pt>
File: RESCAL.jpg Graphic file (type jpg)
 <use RESCAL.jpg>
Package pdftex.def Info: RESCAL.jpg used on input line 531.
(pdftex.def)             Requested size: 273.14922pt x 163.72134pt.
 [10 <E:/ËÆ∫Êñá/ÊØï‰∏öËÆ∫Êñá/ÊØï‰∏öËÆ∫Êñá‰ΩïËãóÊÉ†5.25Âêé/TransD.jpg> <E:/ËÆ∫Êñ
á/ÊØï‰∏öËÆ∫Êñá/ÊØï‰∏öËÆ∫Êñá‰ΩïËãóÊÉ†5.25Âêé/RESCAL.jpg>]
<DistMult.jpg, id=186, 252.44313pt x 180.17313pt>
File: DistMult.jpg Graphic file (type jpg)
 <use DistMult.jpg>
Package pdftex.def Info: DistMult.jpg used on input line 543.
(pdftex.def)             Requested size: 273.14922pt x 194.9552pt.
<<c1978.cmap>> [11 <E:/ËÆ∫Êñá/ÊØï‰∏öËÆ∫Êñá/ÊØï‰∏öËÆ∫Êñá‰ΩïËãóÊÉ†5.25Âêé/DistMul
t.jpg>]

CCT Warning: line 583, GBK punct £® in math mode converted to \char40


CCT Warning: line 583, GBK punct £© in math mode converted to \char41

[12] <path.jpg, id=200, 441.65pt x 117.43875pt>
File: path.jpg Graphic file (type jpg)
 <use path.jpg>
Package pdftex.def Info: path.jpg used on input line 623.
(pdftex.def)             Requested size: 364.19664pt x 96.84692pt.
 [13]
<describe.jpg, id=206, 430.10687pt x 158.5925pt>
File: describe.jpg Graphic file (type jpg)
 <use describe.jpg>
Package pdftex.def Info: describe.jpg used on input line 632.
(pdftex.def)             Requested size: 364.19664pt x 134.29121pt.
 [14 <E:/ËÆ∫Êñá/ÊØï‰∏öËÆ∫Êñá/ÊØï‰∏öËÆ∫Êñá‰ΩïËãóÊÉ†5.25Âêé/path.jpg> <E:/ËÆ∫Êñá/
ÊØï‰∏öËÆ∫Êñá/ÊØï‰∏öËÆ∫Êñá‰ΩïËãóÊÉ†5.25Âêé/describe.jpg>]<<c1974.cmap>> [15]
<EM.jpg, id=217, 360.84813pt x 206.7725pt>
File: EM.jpg Graphic file (type jpg)
 <use EM.jpg>
Package pdftex.def Info: EM.jpg used on input line 731.
(pdftex.def)             Requested size: 364.19664pt x 208.69028pt.
 [16] [17 <E:/ËÆ∫Êñá/ÊØï‰∏öËÆ∫Êñá/ÊØï‰∏öËÆ∫Êñá‰ΩïËãóÊÉ†5.25Âêé/EM.jpg>]
Chapter 3.
[18

] <EM-KGE.jpg, id=233, 619.81563pt x 242.9075pt>
File: EM-KGE.jpg Graphic file (type jpg)
 <use EM-KGE.jpg>
Package pdftex.def Info: EM-KGE.jpg used on input line 768.
(pdftex.def)             Requested size: 455.24408pt x 178.41069pt.
 [19 <E:/ËÆ∫Êñá/ÊØï‰∏öËÆ∫Êñá/ÊØï‰∏öËÆ∫Êñá‰ΩïËãóÊÉ†5.25Âêé/EM-KGE.jpg>] [20] [21
]
(D:\CTEX\CTeX\tex\latex\CJK\GB\c19kai.fd) (\ziti{C}->gbkkai)
LaTeX Font Info:    Font shape `OMS/cmr/m/n' in size <10> not available
(Font)              Font shape `OMS/cmsy/m/n' tried instead on input line 931.
 [22] [23]
Chapter 4.
<DEM.jpg, id=253, 616.3025pt x 246.9225pt>
File: DEM.jpg Graphic file (type jpg)
 <use DEM.jpg>
Package pdftex.def Info: DEM.jpg used on input line 1084.
(pdftex.def)             Requested size: 455.24408pt x 182.3995pt.
 [24

 <E:/ËÆ∫Êñá/ÊØï‰∏öËÆ∫Êñá/ÊØï‰∏öËÆ∫Êñá‰ΩïËãóÊÉ†5.25Âêé/DEM.jpg>]
<fig2.jpg, id=259, 224.33812pt x 185.69376pt>
File: fig2.jpg Graphic file (type jpg)
 <use fig2.jpg>
Package pdftex.def Info: fig2.jpg used on input line 1102.
(pdftex.def)             Requested size: 364.19664pt x 301.49376pt.
 [25 <E:/ËÆ∫Êñá/ÊØï‰∏öËÆ∫Êñá/ÊØï‰∏öËÆ∫Êñá‰ΩïËãóÊÉ†5.25Âêé/fig2.jpg>] [26] [27] 
[28] [29]

LaTeX Warning: `!h' float specifier changed to `!ht'.


LaTeX Warning: `!h' float specifier changed to `!ht'.

[30] [31]
Chapter 5.
[32

]

Package amsmath Warning: Foreign command \atop;
(amsmath)                \frac or \genfrac should be used instead
(amsmath)                 on input line 1427.

[33] [34] [35] [36] [37] [38]
Chapter 6.
[39

]
Chapter 7.

LaTeX Font Warning: Font shape `OT1/cmr/m/it' in size <10.5> not available
(Font)              size <10.95> substituted on input line 1719.

[40

] [41] [42] [43] [44] [45] [46

]
LaTeX Font Info:    Calculating math sizes for size <14> on input line 1985.
 [47]
(E:\ËÆ∫Êñá\ÊØï‰∏öËÆ∫Êñá\ÊØï‰∏öËÆ∫Êñá‰ΩïËãóÊÉ†5.25Âêé\ÊØï‰∏öËÆ∫Êñá.aux)

LaTeX Font Warning: Size substitutions with differences
(Font)              up to 1.35pt have occurred.


LaTeX Warning: There were multiply-defined labels.

 )
(\end occurred inside a group at level 2)

### simple group (level 2) entered at line 445 ({)
### simple group (level 1) entered at line 228 ({)
### bottom level 
Here is how much of TeX's memory you used:
 30434 strings out of 495354
 487768 string characters out of 3183858
 583777 words of memory out of 3000000
 9120 multiletter control sequences out of 15000+200000
 77289 words of font info for 269 fonts, out of 3000000 for 9000
 14 hyphenation exceptions out of 8191
 42i,14n,43p,1962b,1024s stack positions out of 5000i,500n,10000p,200000b,50000s
<C:/Windows/Fonts/simsun.ttc><C:/Windows/Fonts/simsun.ttc><C:/W
indows/Fonts/simsun.ttc><C:/Windows/Fonts/simhei.ttf><C:/Windows/Fonts/simhei.t
tf><C:/Windows/Fonts/simhei.ttf><C:/Windows/Fonts/simsun.ttc><C:/Windows/Fonts/
simsun.ttc><C:/Windows/Fonts/simsun.ttc><C:/Windows/Fonts/simsun.ttc><C:/Window
s/Fonts/simsun.ttc><C:/Windows/Fonts/simsun.ttc><C:/Windows/Fonts/simsun.ttc><C
:/Windows/Fonts/simsun.ttc><C:/Windows/Fonts/simsun.ttc><C:/Windows/Fonts/simsu
n.ttc><C:/Windows/Fonts/simsun.ttc><C:/Windows/Fonts/simsun.ttc><C:/Windows/Fon
ts/simsun.ttc><C:/Windows/Fonts/simsun.ttc><C:/Windows/Fonts/simsun.ttc><C:/Win
dows/Fonts/simsun.ttc><C:/Windows/Fonts/simsun.ttc><C:/Windows/Fonts/simsun.ttc
><C:/Windows/Fonts/simsun.ttc><C:/Windows/Fonts/simsun.ttc><C:/Windows/Fonts/si
msun.ttc><C:/Windows/Fonts/simsun.ttc><C:/Windows/Fonts/simsun.ttc><C:/Windows/
Fonts/simsun.ttc><C:/Windows/Fonts/simsun.ttc><C:/Windows/Fonts/simsun.ttc><C:/
Windows/Fonts/simsun.ttc><C:/Windows/Fonts/simsun.ttc><C:/Windows/Fonts/simsun.
ttc><C:/Windows/Fonts/simsun.ttc><C:/Windows/Fonts/simsun.ttc><C:/Windows/Fonts
/simhei.ttf><C:/Windows/Fonts/simhei.ttf><C:/Windows/Fonts/simhei.ttf><C:/Windo
ws/Fonts/simhei.ttf><C:/Windows/Fonts/simhei.ttf><C:/Windows/Fonts/simhei.ttf><
C:/Windows/Fonts/simhei.ttf><C:/Windows/Fonts/simhei.ttf><C:/Windows/Fonts/simh
ei.ttf><C:/Windows/Fonts/simhei.ttf><C:/Windows/Fonts/simhei.ttf><C:/Windows/Fo
nts/simhei.ttf><C:/Windows/Fonts/simhei.ttf><C:/Windows/Fonts/simhei.ttf><C:/Wi
ndows/Fonts/simhei.ttf><C:/Windows/Fonts/simhei.ttf><C:/Windows/Fonts/simhei.tt
f><C:/Windows/Fonts/simhei.ttf><C:/Windows/Fonts/simhei.ttf><C:/Windows/Fonts/s
imhei.ttf><C:/Windows/Fonts/simhei.ttf><C:/Windows/Fonts/simhei.ttf><C:/Windows
/Fonts/simhei.ttf><C:/Windows/Fonts/simhei.ttf><C:/Windows/Fonts/simhei.ttf><C:
/Windows/Fonts/simhei.ttf><C:/Windows/Fonts/simhei.ttf><C:/Windows/Fonts/simhei
.ttf><C:/Windows/Fonts/simhei.ttf><D:/CTEX/MiKTeX/fonts/type1/public/amsfonts/c
m/cmbx10.pfb><D:/CTEX/MiKTeX/fonts/type1/public/amsfonts/cm/cmbx12.pfb><D:/CTEX
/MiKTeX/fonts/type1/public/amsfonts/cm/cmbx8.pfb><D:/CTEX/MiKTeX/fonts/type1/pu
blic/amsfonts/cm/cmex10.pfb><D:/CTEX/MiKTeX/fonts/type1/public/amsfonts/cm/cmmi
10.pfb><D:/CTEX/MiKTeX/fonts/type1/public/amsfonts/cm/cmmi12.pfb><D:/CTEX/MiKTe
X/fonts/type1/public/amsfonts/cm/cmmi5.pfb><D:/CTEX/MiKTeX/fonts/type1/public/a
msfonts/cm/cmmi6.pfb><D:/CTEX/MiKTeX/fonts/type1/public/amsfonts/cm/cmmi7.pfb><
D:/CTEX/MiKTeX/fonts/type1/public/amsfonts/cm/cmmi8.pfb><D:/CTEX/MiKTeX/fonts/t
ype1/public/amsfonts/cm/cmr10.pfb><D:/CTEX/MiKTeX/fonts/type1/public/amsfonts/c
m/cmr12.pfb><D:/CTEX/MiKTeX/fonts/type1/public/amsfonts/cm/cmr17.pfb><D:/CTEX/M
iKTeX/fonts/type1/public/amsfonts/cm/cmr5.pfb><D:/CTEX/MiKTeX/fonts/type1/publi
c/amsfonts/cm/cmr6.pfb><D:/CTEX/MiKTeX/fonts/type1/public/amsfonts/cm/cmr7.pfb>
<D:/CTEX/MiKTeX/fonts/type1/public/amsfonts/cm/cmr8.pfb><D:/CTEX/MiKTeX/fonts/t
ype1/public/amsfonts/cm/cmr9.pfb><D:/CTEX/MiKTeX/fonts/type1/public/amsfonts/cm
/cmsy10.pfb><D:/CTEX/MiKTeX/fonts/type1/public/amsfonts/cm/cmsy6.pfb><D:/CTEX/M
iKTeX/fonts/type1/public/amsfonts/cm/cmsy7.pfb><D:/CTEX/MiKTeX/fonts/type1/publ
ic/amsfonts/cm/cmsy8.pfb><D:/CTEX/MiKTeX/fonts/type1/public/amsfonts/cm/cmti10.
pfb><D:/CTEX/MiKTeX/fonts/type1/public/amsfonts/cm/cmtt12.pfb><D:/CTEX/MiKTeX/f
onts/type1/public/amsfonts/symbols/msbm10.pfb>
Output written on ÊØï‰∏öËÆ∫Êñá.pdf (54 pages, 1933981 bytes).
PDF statistics:
 611 PDF objects out of 1000 (max. 8388607)
 0 named destinations out of 1000 (max. 500000)
 237 words of extra memory for PDF output out of 10000 (max. 10000000)

